<testsuite failures="1" name="src/test/java/features/KarateFundamental_2.feature" skipped="0" tests="1" time="0.120782">
  <testcase classname="src.test.java.features.KarateFundamental_2" name="fuzzy matching" time="0.120782">
    <failure message="KarateFundamental_2.feature:49 - path: $.last_name, actual: null, expected: '#present', reason: actual json-path does not exist">* def employee = .......................................................... passed
* match employee.first_name == '#string' .................................. passed
* match employee.salary == '#number' ...................................... passed
* match employee.active == '#boolean' ..................................... passed
* match employee.last_name == '#present' .................................. failed

Stack Trace:
com.intuit.karate.exception.KarateException: KarateFundamental_2.feature:49 - path: $.last_name, actual: null, expected: '#present', reason: actual json-path does not exist
	at âœ½.* match employee.last_name == '#present' (KarateFundamental_2.feature:49)</failure>
  </testcase>
</testsuite>
