<testsuite failures="1" name="src/test/java/features/GenerateToken_5-2.feature" skipped="0" tests="1" time="0.01815">
  <testcase classname="src.test.java.features.GenerateToken_5-2" name="Retrieve Token from different feature and use it" time="0.01815">
    <failure message="-unknown-:4 - evaluation (js) failed: ('GenerateToken_5-1.feature'){username : 'admin', password : 'password123'};, javax.script.ScriptException: &lt;eval&gt;:1:29 Expected ; but found {&#10;('GenerateToken_5-1.feature'){username : 'admin', password : 'password123'};&#10;                             ^ in &lt;eval&gt; at line number 1 at column number 29&#10;stack trace: jdk.scripting.nashorn/jdk.nashorn.api.scripting.NashornScriptEngine.throwAsScriptException(NashornScriptEngine.java:477)">* def tokenFeature = call read ('GenerateToken_5-1.feature'){username : 'admin', password : 'password123'}; . failed

Stack Trace:
com.intuit.karate.exception.KarateException: -unknown-:4 - evaluation (js) failed: ('GenerateToken_5-1.feature'){username : 'admin', password : 'password123'};, javax.script.ScriptException: &lt;eval&gt;:1:29 Expected ; but found {
('GenerateToken_5-1.feature'){username : 'admin', password : 'password123'};
                             ^ in &lt;eval&gt; at line number 1 at column number 29
stack trace: jdk.scripting.nashorn/jdk.nashorn.api.scripting.NashornScriptEngine.throwAsScriptException(NashornScriptEngine.java:477)
	at âœ½.* def tokenFeature = call read ('GenerateToken_5-1.feature'){username : 'admin', password : 'password123'}; (-unknown-:4)

* def accessToken = tokenFeature; ......................................... skipped
* url 'https://restful-booker.herokuapp.com'; ............................. skipped
* header Authorization = accessToken; ..................................... skipped
* header Content-Type = 'application/json'; ............................... skipped
* header Accept = 'application/json'; ..................................... skipped
Given path '/booking/1' ................................................... skipped
And request ............................................................... skipped
When method PUT ........................................................... skipped
Then status 200 ........................................................... skipped
And print response ........................................................ skipped</failure>
  </testcase>
</testsuite>
