<testsuite failures="0" name="src/test/java/features/ScenarioOutlineWithCSV_11.feature" skipped="0" tests="5" time="2.94551">
  <testcase classname="src.test.java.features.ScenarioOutlineWithCSV_11" name="fkfhvkhvkjhvk" time="1.182078">
    <system-out>* url 'https://fakerestapi.azurewebsites.net' ............................. passed
* header Content-Type = 'application/json' ................................ passed
* header Accept = 'application/json' ...................................... passed
Given path "/api/v1/Users" ................................................ passed
And request ............................................................... passed
When method POST .......................................................... passed
Then status 200 ........................................................... passed
And print response ........................................................ passed
Then match response == {"id" : "#number", "userName" : "#string","password" : "#string"} . passed</system-out>
  </testcase>
  <testcase classname="src.test.java.features.ScenarioOutlineWithCSV_11" name="fkfhvkhvkjhvk" time="0.36372">
    <system-out>* url 'https://fakerestapi.azurewebsites.net' ............................. passed
* header Content-Type = 'application/json' ................................ passed
* header Accept = 'application/json' ...................................... passed
Given path "/api/v1/Users" ................................................ passed
And request ............................................................... passed
When method POST .......................................................... passed
Then status 200 ........................................................... passed
And print response ........................................................ passed
Then match response == {"id" : "#number", "userName" : "#string","password" : "#string"} . passed
* url 'https://fakerestapi.azurewebsites.net' ............................. passed
* header Content-Type = 'application/json' ................................ passed
* header Accept = 'application/json' ...................................... passed
Given path "/api/v1/Users" ................................................ passed
And request ............................................................... passed
When method POST .......................................................... passed
Then status 200 ........................................................... passed
And print response ........................................................ passed
Then match response == {"id" : "#number", "userName" : "#string","password" : "#string"} . passed</system-out>
  </testcase>
  <testcase classname="src.test.java.features.ScenarioOutlineWithCSV_11" name="fkfhvkhvkjhvk" time="0.462477">
    <system-out>* url 'https://fakerestapi.azurewebsites.net' ............................. passed
* header Content-Type = 'application/json' ................................ passed
* header Accept = 'application/json' ...................................... passed
Given path "/api/v1/Users" ................................................ passed
And request ............................................................... passed
When method POST .......................................................... passed
Then status 200 ........................................................... passed
And print response ........................................................ passed
Then match response == {"id" : "#number", "userName" : "#string","password" : "#string"} . passed
* url 'https://fakerestapi.azurewebsites.net' ............................. passed
* header Content-Type = 'application/json' ................................ passed
* header Accept = 'application/json' ...................................... passed
Given path "/api/v1/Users" ................................................ passed
And request ............................................................... passed
When method POST .......................................................... passed
Then status 200 ........................................................... passed
And print response ........................................................ passed
Then match response == {"id" : "#number", "userName" : "#string","password" : "#string"} . passed
* url 'https://fakerestapi.azurewebsites.net' ............................. passed
* header Content-Type = 'application/json' ................................ passed
* header Accept = 'application/json' ...................................... passed
Given path "/api/v1/Users" ................................................ passed
And request ............................................................... passed
When method POST .......................................................... passed
Then status 200 ........................................................... passed
And print response ........................................................ passed
Then match response == {"id" : "#number", "userName" : "#string","password" : "#string"} . passed</system-out>
  </testcase>
  <testcase classname="src.test.java.features.ScenarioOutlineWithCSV_11" name="fkfhvkhvkjhvk" time="0.452708">
    <system-out>* url 'https://fakerestapi.azurewebsites.net' ............................. passed
* header Content-Type = 'application/json' ................................ passed
* header Accept = 'application/json' ...................................... passed
Given path "/api/v1/Users" ................................................ passed
And request ............................................................... passed
When method POST .......................................................... passed
Then status 200 ........................................................... passed
And print response ........................................................ passed
Then match response == {"id" : "#number", "userName" : "#string","password" : "#string"} . passed
* url 'https://fakerestapi.azurewebsites.net' ............................. passed
* header Content-Type = 'application/json' ................................ passed
* header Accept = 'application/json' ...................................... passed
Given path "/api/v1/Users" ................................................ passed
And request ............................................................... passed
When method POST .......................................................... passed
Then status 200 ........................................................... passed
And print response ........................................................ passed
Then match response == {"id" : "#number", "userName" : "#string","password" : "#string"} . passed
* url 'https://fakerestapi.azurewebsites.net' ............................. passed
* header Content-Type = 'application/json' ................................ passed
* header Accept = 'application/json' ...................................... passed
Given path "/api/v1/Users" ................................................ passed
And request ............................................................... passed
When method POST .......................................................... passed
Then status 200 ........................................................... passed
And print response ........................................................ passed
Then match response == {"id" : "#number", "userName" : "#string","password" : "#string"} . passed
* url 'https://fakerestapi.azurewebsites.net' ............................. passed
* header Content-Type = 'application/json' ................................ passed
* header Accept = 'application/json' ...................................... passed
Given path "/api/v1/Users" ................................................ passed
And request ............................................................... passed
When method POST .......................................................... passed
Then status 200 ........................................................... passed
And print response ........................................................ passed
Then match response == {"id" : "#number", "userName" : "#string","password" : "#string"} . passed</system-out>
  </testcase>
  <testcase classname="src.test.java.features.ScenarioOutlineWithCSV_11" name="fkfhvkhvkjhvk" time="0.484527">
    <system-out>* url 'https://fakerestapi.azurewebsites.net' ............................. passed
* header Content-Type = 'application/json' ................................ passed
* header Accept = 'application/json' ...................................... passed
Given path "/api/v1/Users" ................................................ passed
And request ............................................................... passed
When method POST .......................................................... passed
Then status 200 ........................................................... passed
And print response ........................................................ passed
Then match response == {"id" : "#number", "userName" : "#string","password" : "#string"} . passed
* url 'https://fakerestapi.azurewebsites.net' ............................. passed
* header Content-Type = 'application/json' ................................ passed
* header Accept = 'application/json' ...................................... passed
Given path "/api/v1/Users" ................................................ passed
And request ............................................................... passed
When method POST .......................................................... passed
Then status 200 ........................................................... passed
And print response ........................................................ passed
Then match response == {"id" : "#number", "userName" : "#string","password" : "#string"} . passed
* url 'https://fakerestapi.azurewebsites.net' ............................. passed
* header Content-Type = 'application/json' ................................ passed
* header Accept = 'application/json' ...................................... passed
Given path "/api/v1/Users" ................................................ passed
And request ............................................................... passed
When method POST .......................................................... passed
Then status 200 ........................................................... passed
And print response ........................................................ passed
Then match response == {"id" : "#number", "userName" : "#string","password" : "#string"} . passed
* url 'https://fakerestapi.azurewebsites.net' ............................. passed
* header Content-Type = 'application/json' ................................ passed
* header Accept = 'application/json' ...................................... passed
Given path "/api/v1/Users" ................................................ passed
And request ............................................................... passed
When method POST .......................................................... passed
Then status 200 ........................................................... passed
And print response ........................................................ passed
Then match response == {"id" : "#number", "userName" : "#string","password" : "#string"} . passed
* url 'https://fakerestapi.azurewebsites.net' ............................. passed
* header Content-Type = 'application/json' ................................ passed
* header Accept = 'application/json' ...................................... passed
Given path "/api/v1/Users" ................................................ passed
And request ............................................................... passed
When method POST .......................................................... passed
Then status 200 ........................................................... passed
And print response ........................................................ passed
Then match response == {"id" : "#number", "userName" : "#string","password" : "#string"} . passed</system-out>
  </testcase>
</testsuite>
