<testsuite failures="0" name="src/test/java/features/GenerateToken_5.feature" skipped="0" tests="1" time="1.769733">
  <testcase classname="src.test.java.features.GenerateToken_5" name="Generate a Token" time="1.769733">
    <system-out>* url 'https://restful-booker.herokuapp.com' .............................. passed
* header Content-Type = 'application/json' ................................ passed
* header Accept = 'application/json' ...................................... passed
Given path '/auth' ........................................................ passed
And request ............................................................... passed
When method POST .......................................................... passed
Then status 200 ........................................................... passed
And print response ........................................................ passed
* def token = response.token .............................................. passed</system-out>
  </testcase>
</testsuite>
