<testsuite failures="0" name="src/test/java/features/GenerateToken_52.feature" skipped="0" tests="1" time="1.986059">
  <testcase classname="src.test.java.features.GenerateToken_52" name="1" time="1.986059">
    <system-out>* url 'https://restful-booker.herokuapp.com' .............................. passed
* def generateToken = call read('GenerateToken_5.feature') ................ passed
* def accessToken = generateToken.token ................................... passed
* print accessToken ....................................................... passed
And path "booking/" ....................................................... passed
And path 5 ................................................................ passed
And header Content-Type = "application/json" .............................. passed
And header Accept = "application/json" .................................... passed
And header Cookie = "token=" + accessToken ................................ passed
And request ............................................................... passed
When method PUT ........................................................... passed
Then status 200 ........................................................... passed
And print response ........................................................ passed</system-out>
  </testcase>
</testsuite>
