<testsuite failures="1" name="src/test/java/features/jdbcConnection/databaseValidation.feature" skipped="0" tests="1" time="30.258981">
  <testcase classname="src.test.java.features.jdbcConnection.databaseValidation" name="Data valitation" time="30.258981">
    <failure message="databaseValidation.feature:26 - evaluation (js) failed: db.readRows(&quot;Select * from `security-manager`.`user` u where verification_code = '861024'&quot;), org.springframework.jdbc.CannotGetJdbcConnectionException: Failed to obtain JDBC Connection; nested exception is java.sql.SQLNonTransientConnectionException: Could not connect to address=(host=maria.test.finspire.tech)(port=3306)(type=master) : Socket fail to connect to host:maria.test.finspire.tech, port:3306. connect timed out&#10;stack trace: org.springframework.jdbc.datasource.DataSourceUtils.getConnection(DataSourceUtils.java:82)">* def config = { username: 'finspire_user', password: 'beniYakmaKendini357YakHerseyiYak!!!!', url: 'jdbc:mariadb://maria.test.finspire.tech:3306/security-manager?createDatabaseIfNotExist=true', driverClassName: 'org.mariadb.jdbc.Driver' } . passed
* def DbUtils = Java.type('features.jdbcConnection.DbUtils') .............. passed
* def db = new DbUtils(config) ............................................ passed
* def verCode = db.readRows("Select * from `security-manager`.`user` u where verification_code = '861024'") . failed

Stack Trace:
com.intuit.karate.exception.KarateException: databaseValidation.feature:26 - evaluation (js) failed: db.readRows("Select * from `security-manager`.`user` u where verification_code = '861024'"), org.springframework.jdbc.CannotGetJdbcConnectionException: Failed to obtain JDBC Connection; nested exception is java.sql.SQLNonTransientConnectionException: Could not connect to address=(host=maria.test.finspire.tech)(port=3306)(type=master) : Socket fail to connect to host:maria.test.finspire.tech, port:3306. connect timed out
stack trace: org.springframework.jdbc.datasource.DataSourceUtils.getConnection(DataSourceUtils.java:82)
	at ✽.* def verCode = db.readRows("Select * from `security-manager`.`user` u where verification_code = '861024'") (databaseValidation.feature:26)

* print verCode ........................................................... skipped
* def vc1 = verCode[0].verification_code .................................. skipped
* print vc1 ............................................................... skipped</failure>
  </testcase>
</testsuite>
