<testsuite failures="0" name="src/test/java/features/Test1.feature" skipped="0" tests="1" time="2.505812">
  <testcase classname="src.test.java.features.Test1" name="The user updates his/her booking" time="2.505812">
    <system-out>Given url "https://restful-booker.herokuapp.com/" ......................... passed
And path "auth" ........................................................... passed
And header Content-Type = "application/json" .............................. passed
And header Accept = "application/json" .................................... passed
And request ............................................................... passed
When method POST .......................................................... passed
Then status 200 ........................................................... passed
And print response.token .................................................. passed
And def tokenreceived = response.token .................................... passed
Given url "https://restful-booker.herokuapp.com/" ......................... passed
And path "booking/" ....................................................... passed
And path 5 ................................................................ passed
And header Content-Type = "application/json" .............................. passed
And header Accept = "application/json" .................................... passed
And header Cookie = "token=" + tokenreceived .............................. passed
And def schema = .......................................................... passed
And request ............................................................... passed
When method PUT ........................................................... passed
Then status 200 ........................................................... passed
And print response ........................................................ passed
And match response == schema .............................................. passed</system-out>
  </testcase>
</testsuite>
