<testsuite failures="0" name="src/test/java/features/VerificationJsonFile_9.feature" skipped="0" tests="1" time="0.869962">
  <testcase classname="src.test.java.features.VerificationJsonFile_9" name="1" time="0.869962">
    <system-out>* url 'https://fakerestapi.azurewebsites.net' ............................. passed
* header Content-Type = 'application/json' ................................ passed
* header Accept = 'application/json' ...................................... passed
Given path "/api/v1/Users/1" .............................................. passed
When method GET ........................................................... passed
Then status 200 ........................................................... passed
And print response ........................................................ passed
* def expectedSchema = read ('classpath:data/author.json') ................ passed
And print expectedSchema .................................................. passed
And match response == expectedSchema ...................................... passed</system-out>
  </testcase>
</testsuite>
