<testsuite failures="0" name="src/test/java/features/ScenarioOutline_10.feature" skipped="0" tests="3" time="1.757177">
  <testcase classname="src.test.java.features.ScenarioOutline_10" name="1" time="0.93494">
    <system-out>* url 'https://fakerestapi.azurewebsites.net' ............................. passed
* header Content-Type = 'application/json' ................................ passed
* header Accept = 'application/json' ...................................... passed
Given path "/api/v1/Users" ................................................ passed
And request ............................................................... passed
When method POST .......................................................... passed
Then status 200 ........................................................... passed
And print response ........................................................ passed
Then match response == {"id" : "#number", "userName" : "#string","password" : "#string"} . passed</system-out>
  </testcase>
  <testcase classname="src.test.java.features.ScenarioOutline_10" name="2" time="0.39966">
    <system-out>* url 'https://fakerestapi.azurewebsites.net' ............................. passed
* header Content-Type = 'application/json' ................................ passed
* header Accept = 'application/json' ...................................... passed
Given path "/api/v1/Users" ................................................ passed
And request ............................................................... passed
When method POST .......................................................... passed
Then status 200 ........................................................... passed
And print response ........................................................ passed
Then match response == {"id" : "#number", "userName" : "#string","password" : "#string"} . passed
* url 'https://fakerestapi.azurewebsites.net' ............................. passed
* header Content-Type = 'application/json' ................................ passed
* header Accept = 'application/json' ...................................... passed
Given path "/api/v1/Users" ................................................ passed
And request ............................................................... passed
When method POST .......................................................... passed
Then status 200 ........................................................... passed
And print response ........................................................ passed
Then match response == {"id" : "#number", "userName" : "#string","password" : "#string"} . passed</system-out>
  </testcase>
  <testcase classname="src.test.java.features.ScenarioOutline_10" name="3" time="0.422577">
    <system-out>* url 'https://fakerestapi.azurewebsites.net' ............................. passed
* header Content-Type = 'application/json' ................................ passed
* header Accept = 'application/json' ...................................... passed
Given path "/api/v1/Users" ................................................ passed
And request ............................................................... passed
When method POST .......................................................... passed
Then status 200 ........................................................... passed
And print response ........................................................ passed
Then match response == {"id" : "#number", "userName" : "#string","password" : "#string"} . passed
* url 'https://fakerestapi.azurewebsites.net' ............................. passed
* header Content-Type = 'application/json' ................................ passed
* header Accept = 'application/json' ...................................... passed
Given path "/api/v1/Users" ................................................ passed
And request ............................................................... passed
When method POST .......................................................... passed
Then status 200 ........................................................... passed
And print response ........................................................ passed
Then match response == {"id" : "#number", "userName" : "#string","password" : "#string"} . passed
* url 'https://fakerestapi.azurewebsites.net' ............................. passed
* header Content-Type = 'application/json' ................................ passed
* header Accept = 'application/json' ...................................... passed
Given path "/api/v1/Users" ................................................ passed
And request ............................................................... passed
When method POST .......................................................... passed
Then status 200 ........................................................... passed
And print response ........................................................ passed
Then match response == {"id" : "#number", "userName" : "#string","password" : "#string"} . passed</system-out>
  </testcase>
</testsuite>
