<testsuite failures="0" name="src/test/java/features/CallFeatureData13.feature" skipped="0" tests="1" time="0.132322">
  <testcase classname="src.test.java.features.CallFeatureData13" name="Call one scenario from another one" time="0.132322">
    <system-out>* print 'This is from same scenario' ...................................... passed
* def cFeature = call read('Fundamental-1.feature@tag1') .................. passed
* def ttl = 5 + cFeature.age .............................................. passed
* print ttl ............................................................... passed</system-out>
  </testcase>
</testsuite>
